<?xml version="1.0" encoding="UTF-8"?>
<coverage generated="1721330870846" clover="3.2.0">
  <project timestamp="1721330870847" name="All files">
    <metrics statements="18" coveredstatements="12" conditionals="12" coveredconditionals="3" methods="9" coveredmethods="3" elements="39" coveredelements="18" complexity="0" loc="18" ncloc="18" packages="3" files="8" classes="8"/>
    <package name="src">
      <metrics statements="1" coveredstatements="1" conditionals="0" coveredconditionals="0" methods="1" coveredmethods="1"/>
      <file name="App.tsx" path="/Users/carlosmacias/FloSports/react-app/src/App.tsx">
        <metrics statements="1" coveredstatements="1" conditionals="0" coveredconditionals="0" methods="1" coveredmethods="1"/>
        <line num="5" count="1" type="stmt"/>
      </file>
    </package>
    <package name="src.components">
      <metrics statements="16" coveredstatements="10" conditionals="12" coveredconditionals="3" methods="8" coveredmethods="2"/>
      <file name="CloseLogo.tsx" path="/Users/carlosmacias/FloSports/react-app/src/components/CloseLogo.tsx">
        <metrics statements="1" coveredstatements="0" conditionals="0" coveredconditionals="0" methods="1" coveredmethods="0"/>
        <line num="4" count="0" type="stmt"/>
      </file>
      <file name="PlacersDropdown.tsx" path="/Users/carlosmacias/FloSports/react-app/src/components/PlacersDropdown.tsx">
        <metrics statements="9" coveredstatements="7" conditionals="6" coveredconditionals="3" methods="3" coveredmethods="1"/>
        <line num="5" count="1" type="stmt"/>
        <line num="6" count="1" type="stmt"/>
        <line num="8" count="1" type="stmt"/>
        <line num="9" count="0" type="stmt"/>
        <line num="12" count="1" type="stmt"/>
        <line num="13" count="0" type="stmt"/>
        <line num="16" count="1" type="cond" truecount="1" falsecount="1"/>
        <line num="17" count="1" type="cond" truecount="1" falsecount="1"/>
        <line num="19" count="1" type="stmt"/>
      </file>
      <file name="PlacersDropdownMenu.tsx" path="/Users/carlosmacias/FloSports/react-app/src/components/PlacersDropdownMenu.tsx">
        <metrics statements="3" coveredstatements="1" conditionals="4" coveredconditionals="0" methods="2" coveredmethods="0"/>
        <line num="4" count="1" type="stmt"/>
        <line num="10" count="0" type="stmt"/>
        <line num="33" count="0" type="stmt"/>
      </file>
      <file name="PlacersDropdownMenuItem.tsx" path="/Users/carlosmacias/FloSports/react-app/src/components/PlacersDropdownMenuItem.tsx">
        <metrics statements="2" coveredstatements="1" conditionals="2" coveredconditionals="0" methods="1" coveredmethods="0"/>
        <line num="4" count="1" type="stmt"/>
        <line num="8" count="0" type="stmt"/>
      </file>
      <file name="PlacersLogo.tsx" path="/Users/carlosmacias/FloSports/react-app/src/components/PlacersLogo.tsx">
        <metrics statements="1" coveredstatements="1" conditionals="0" coveredconditionals="0" methods="1" coveredmethods="1"/>
        <line num="4" count="1" type="stmt"/>
      </file>
      <file name="index.ts" path="/Users/carlosmacias/FloSports/react-app/src/components/index.ts">
        <metrics statements="0" coveredstatements="0" conditionals="0" coveredconditionals="0" methods="0" coveredmethods="0"/>
      </file>
    </package>
    <package name="src.mocks">
      <metrics statements="1" coveredstatements="1" conditionals="0" coveredconditionals="0" methods="0" coveredmethods="0"/>
      <file name="index.ts" path="/Users/carlosmacias/FloSports/react-app/src/mocks/index.ts">
        <metrics statements="1" coveredstatements="1" conditionals="0" coveredconditionals="0" methods="0" coveredmethods="0"/>
        <line num="3" count="1" type="stmt"/>
      </file>
    </package>
  </project>
</coverage>
