{"/Users/carlosmacias/FloSports/react-app/src/App.tsx": {"path":"/Users/carlosmacias/FloSports/react-app/src/App.tsx","statementMap":{"0":{"start":{"line":5,"column":2},"end":{"line":9,"column":4}}},"fnMap":{"0":{"name":"App","decl":{"start":{"line":4,"column":9},"end":{"line":4,"column":12}},"loc":{"start":{"line":4,"column":15},"end":{"line":10,"column":1}},"line":4}},"branchMap":{},"s":{"0":1},"f":{"0":1},"b":{},"_coverageSchema":"1a1c01bbd47fc00a2c39e90264f33305004495a9","hash":"a5354d95808ae74a94f9826be9261bfb521a09bb"}
,"/Users/carlosmacias/FloSports/react-app/src/components/CloseLogo.tsx": {"path":"/Users/carlosmacias/FloSports/react-app/src/components/CloseLogo.tsx","statementMap":{"0":{"start":{"line":4,"column":2},"end":{"line":17,"column":4}}},"fnMap":{"0":{"name":"CloseLogo","decl":{"start":{"line":3,"column":24},"end":{"line":3,"column":33}},"loc":{"start":{"line":3,"column":67},"end":{"line":18,"column":1}},"line":3}},"branchMap":{},"s":{"0":0},"f":{"0":0},"b":{},"_coverageSchema":"1a1c01bbd47fc00a2c39e90264f33305004495a9","hash":"3c9e1e052866848d7dd03472616ffb35825da0be"}
,"/Users/carlosmacias/FloSports/react-app/src/components/PlacersDropdown.tsx": {"path":"/Users/carlosmacias/FloSports/react-app/src/components/PlacersDropdown.tsx","statementMap":{"0":{"start":{"line":5,"column":24},"end":{"line":35,"column":1}},"1":{"start":{"line":6,"column":26},"end":{"line":6,"column":41}},"2":{"start":{"line":8,"column":21},"end":{"line":10,"column":3}},"3":{"start":{"line":9,"column":4},"end":{"line":9,"column":19}},"4":{"start":{"line":12,"column":22},"end":{"line":14,"column":3}},"5":{"start":{"line":13,"column":4},"end":{"line":13,"column":19}},"6":{"start":{"line":16,"column":24},"end":{"line":16,"column":55}},"7":{"start":{"line":17,"column":26},"end":{"line":17,"column":54}},"8":{"start":{"line":19,"column":2},"end":{"line":34,"column":4}}},"fnMap":{"0":{"name":"(anonymous_0)","decl":{"start":{"line":5,"column":24},"end":{"line":5,"column":25}},"loc":{"start":{"line":5,"column":69},"end":{"line":35,"column":1}},"line":5},"1":{"name":"(anonymous_1)","decl":{"start":{"line":8,"column":21},"end":{"line":8,"column":22}},"loc":{"start":{"line":8,"column":27},"end":{"line":10,"column":3}},"line":8},"2":{"name":"(anonymous_2)","decl":{"start":{"line":12,"column":22},"end":{"line":12,"column":23}},"loc":{"start":{"line":12,"column":28},"end":{"line":14,"column":3}},"line":12}},"branchMap":{"0":{"loc":{"start":{"line":16,"column":24},"end":{"line":16,"column":55}},"type":"cond-expr","locations":[{"start":{"line":16,"column":31},"end":{"line":16,"column":44}},{"start":{"line":16,"column":47},"end":{"line":16,"column":55}}],"line":16},"1":{"loc":{"start":{"line":17,"column":26},"end":{"line":17,"column":54}},"type":"cond-expr","locations":[{"start":{"line":17,"column":33},"end":{"line":17,"column":42}},{"start":{"line":17,"column":45},"end":{"line":17,"column":54}}],"line":17},"2":{"loc":{"start":{"line":25,"column":7},"end":{"line":32,"column":14}},"type":"cond-expr","locations":[{"start":{"line":26,"column":8},"end":{"line":31,"column":10}},{"start":{"line":32,"column":10},"end":{"line":32,"column":14}}],"line":25}},"s":{"0":1,"1":1,"2":1,"3":0,"4":1,"5":0,"6":1,"7":1,"8":1},"f":{"0":1,"1":0,"2":0},"b":{"0":[0,1],"1":[0,1],"2":[0,1]},"_coverageSchema":"1a1c01bbd47fc00a2c39e90264f33305004495a9","hash":"5d87b4abece0d241c8b82cede67362ad578fbc58"}
,"/Users/carlosmacias/FloSports/react-app/src/components/PlacersDropdownMenu.tsx": {"path":"/Users/carlosmacias/FloSports/react-app/src/components/PlacersDropdownMenu.tsx","statementMap":{"0":{"start":{"line":4,"column":28},"end":{"line":43,"column":1}},"1":{"start":{"line":10,"column":2},"end":{"line":42,"column":4}},"2":{"start":{"line":33,"column":16},"end":{"line":36,"column":18}}},"fnMap":{"0":{"name":"(anonymous_0)","decl":{"start":{"line":4,"column":28},"end":{"line":4,"column":29}},"loc":{"start":{"line":9,"column":32},"end":{"line":43,"column":1}},"line":9},"1":{"name":"(anonymous_1)","decl":{"start":{"line":32,"column":24},"end":{"line":32,"column":25}},"loc":{"start":{"line":33,"column":16},"end":{"line":36,"column":18}},"line":33}},"branchMap":{"0":{"loc":{"start":{"line":20,"column":9},"end":{"line":28,"column":16}},"type":"cond-expr","locations":[{"start":{"line":21,"column":10},"end":{"line":27,"column":16}},{"start":{"line":28,"column":12},"end":{"line":28,"column":16}}],"line":20},"1":{"loc":{"start":{"line":31,"column":11},"end":{"line":38,"column":18}},"type":"cond-expr","locations":[{"start":{"line":32,"column":14},"end":{"line":37,"column":16}},{"start":{"line":38,"column":14},"end":{"line":38,"column":18}}],"line":31}},"s":{"0":1,"1":0,"2":0},"f":{"0":0,"1":0},"b":{"0":[0,0],"1":[0,0]},"_coverageSchema":"1a1c01bbd47fc00a2c39e90264f33305004495a9","hash":"4e4baba43b8e9700d04ccd29c4ba334e21f9883b"}
,"/Users/carlosmacias/FloSports/react-app/src/components/PlacersDropdownMenuItem.tsx": {"path":"/Users/carlosmacias/FloSports/react-app/src/components/PlacersDropdownMenuItem.tsx","statementMap":{"0":{"start":{"line":4,"column":32},"end":{"line":27,"column":1}},"1":{"start":{"line":8,"column":2},"end":{"line":26,"column":4}}},"fnMap":{"0":{"name":"(anonymous_0)","decl":{"start":{"line":4,"column":32},"end":{"line":4,"column":33}},"loc":{"start":{"line":7,"column":36},"end":{"line":27,"column":1}},"line":7}},"branchMap":{"0":{"loc":{"start":{"line":18,"column":7},"end":{"line":24,"column":14}},"type":"cond-expr","locations":[{"start":{"line":19,"column":8},"end":{"line":23,"column":14}},{"start":{"line":24,"column":10},"end":{"line":24,"column":14}}],"line":18}},"s":{"0":1,"1":0},"f":{"0":0},"b":{"0":[0,0]},"_coverageSchema":"1a1c01bbd47fc00a2c39e90264f33305004495a9","hash":"87bff2d1487f4b7057bd094ff538faefd5e2844a"}
,"/Users/carlosmacias/FloSports/react-app/src/components/PlacersLogo.tsx": {"path":"/Users/carlosmacias/FloSports/react-app/src/components/PlacersLogo.tsx","statementMap":{"0":{"start":{"line":4,"column":2},"end":{"line":17,"column":4}}},"fnMap":{"0":{"name":"PlacersLogo","decl":{"start":{"line":3,"column":24},"end":{"line":3,"column":35}},"loc":{"start":{"line":3,"column":69},"end":{"line":18,"column":1}},"line":3}},"branchMap":{},"s":{"0":1},"f":{"0":1},"b":{},"_coverageSchema":"1a1c01bbd47fc00a2c39e90264f33305004495a9","hash":"83b2abf2ab9909abd0ced61efcfa0411bd7f4747"}
,"/Users/carlosmacias/FloSports/react-app/src/components/index.ts": {"path":"/Users/carlosmacias/FloSports/react-app/src/components/index.ts","statementMap":{},"fnMap":{},"branchMap":{},"s":{},"f":{},"b":{},"_coverageSchema":"1a1c01bbd47fc00a2c39e90264f33305004495a9","hash":"0cd4526af09ffb08c974c38d62f48a974900e533"}
,"/Users/carlosmacias/FloSports/react-app/src/mocks/index.ts": {"path":"/Users/carlosmacias/FloSports/react-app/src/mocks/index.ts","statementMap":{"0":{"start":{"line":3,"column":45},"end":{"line":44,"column":1}}},"fnMap":{},"branchMap":{},"s":{"0":1},"f":{},"b":{},"_coverageSchema":"1a1c01bbd47fc00a2c39e90264f33305004495a9","hash":"d13990e51dcff35021dcf5fa6e3a7981d0d6d0b3"}
}
